[2022-08-25 10:34:43.316] [exthost] [info] Extension host with pid 5960 started
[2022-08-25 10:34:43.316] [exthost] [info] Skipping acquiring lock for /var/www/html/officework/Cue-1/User/workspaceStorage/8a38370299ddeb6f51ebb4c9fa02588a.
[2022-08-25 10:34:43.660] [exthost] [info] ExtensionService#_doActivateExtension vscode.debug-auto-launch, startup: true, activationEvent: '*'
[2022-08-25 10:34:43.704] [exthost] [info] ExtensionService#_doActivateExtension vscode.git-base, startup: true, activationEvent: '*', root cause: vscode.github
[2022-08-25 10:34:43.732] [exthost] [info] ExtensionService#_doActivateExtension vscode.ipynb, startup: true, activationEvent: '*'
[2022-08-25 10:34:43.933] [exthost] [info] ExtensionService#_doActivateExtension vscode.github, startup: true, activationEvent: '*'
[2022-08-25 10:34:43.982] [exthost] [info] Eager extensions activated
[2022-08-25 10:34:43.985] [exthost] [info] ExtensionService#_doActivateExtension vscode.emmet, startup: false, activationEvent: 'onStartupFinished'
[2022-08-25 10:34:44.025] [exthost] [info] ExtensionService#_doActivateExtension vscode.merge-conflict, startup: false, activationEvent: 'onStartupFinished'
[2022-08-25 10:34:44.035] [exthost] [info] ExtensionService#_doActivateExtension dsznajder.es7-react-js-snippets, startup: false, activationEvent: 'onStartupFinished'
[2022-08-25 10:34:45.066] [exthost] [info] ExtensionService#_doActivateExtension vscode.git, startup: false, activationEvent: 'api', root cause: vscode.github
[2022-08-25 10:34:45.180] [exthost] [info] ExtensionService#_doActivateExtension dbaeumer.vscode-eslint, startup: false, activationEvent: 'onStartupFinished'
[2022-08-25 10:35:00.310] [exthost] [info] ExtensionService#_doActivateExtension vscode.html-language-features, startup: false, activationEvent: 'onLanguage:html'
[2022-08-25 10:35:00.434] [exthost] [info] ExtensionService#_doActivateExtension Angular.ng-template, startup: false, activationEvent: 'onLanguage:html'
[2022-08-25 10:35:16.162] [exthost] [warning] [Decorations] CAPPING events from decorations provider vscode.git 316
[2022-08-25 10:35:45.939] [exthost] [warning] [Decorations] CAPPING events from decorations provider vscode.git 316
[2022-08-25 10:35:50.998] [exthost] [warning] [Decorations] CAPPING events from decorations provider vscode.git 316
[2022-08-25 10:35:56.061] [exthost] [warning] [Decorations] CAPPING events from decorations provider vscode.git 316
[2022-08-25 10:36:01.115] [exthost] [warning] [Decorations] CAPPING events from decorations provider vscode.git 316
[2022-08-25 10:36:06.179] [exthost] [warning] [Decorations] CAPPING events from decorations provider vscode.git 316
[2022-08-25 10:36:11.246] [exthost] [warning] [Decorations] CAPPING events from decorations provider vscode.git 316
[2022-08-25 10:36:16.310] [exthost] [warning] [Decorations] CAPPING events from decorations provider vscode.git 316
[2022-08-25 10:36:21.377] [exthost] [warning] [Decorations] CAPPING events from decorations provider vscode.git 316
[2022-08-25 10:36:26.444] [exthost] [warning] [Decorations] CAPPING events from decorations provider vscode.git 316
[2022-08-25 10:36:31.505] [exthost] [warning] [Decorations] CAPPING events from decorations provider vscode.git 317
[2022-08-25 10:36:36.565] [exthost] [warning] [Decorations] CAPPING events from decorations provider vscode.git 317
[2022-08-25 10:36:41.628] [exthost] [warning] [Decorations] CAPPING events from decorations provider vscode.git 317
[2022-08-25 10:36:46.692] [exthost] [warning] [Decorations] CAPPING events from decorations provider vscode.git 317
[2022-08-25 10:36:51.754] [exthost] [warning] [Decorations] CAPPING events from decorations provider vscode.git 317
[2022-08-25 10:36:56.820] [exthost] [warning] [Decorations] CAPPING events from decorations provider vscode.git 317
[2022-08-25 10:37:01.874] [exthost] [warning] [Decorations] CAPPING events from decorations provider vscode.git 317
[2022-08-25 10:37:06.936] [exthost] [warning] [Decorations] CAPPING events from decorations provider vscode.git 317
[2022-08-25 10:37:11.993] [exthost] [warning] [Decorations] CAPPING events from decorations provider vscode.git 317
[2022-08-25 10:37:17.054] [exthost] [warning] [Decorations] CAPPING events from decorations provider vscode.git 317
[2022-08-25 10:37:22.111] [exthost] [warning] [Decorations] CAPPING events from decorations provider vscode.git 317
[2022-08-25 10:37:27.174] [exthost] [warning] [Decorations] CAPPING events from decorations provider vscode.git 317
[2022-08-25 10:37:32.231] [exthost] [warning] [Decorations] CAPPING events from decorations provider vscode.git 317
[2022-08-25 10:37:37.292] [exthost] [warning] [Decorations] CAPPING events from decorations provider vscode.git 317
[2022-08-25 10:37:42.352] [exthost] [warning] [Decorations] CAPPING events from decorations provider vscode.git 317
[2022-08-25 10:37:47.460] [exthost] [warning] [Decorations] CAPPING events from decorations provider vscode.git 317
[2022-08-25 10:37:52.523] [exthost] [warning] [Decorations] CAPPING events from decorations provider vscode.git 317
[2022-08-25 10:37:57.583] [exthost] [warning] [Decorations] CAPPING events from decorations provider vscode.git 317
[2022-08-25 10:38:02.643] [exthost] [warning] [Decorations] CAPPING events from decorations provider vscode.git 317
[2022-08-25 10:38:07.711] [exthost] [warning] [Decorations] CAPPING events from decorations provider vscode.git 317
[2022-08-25 10:38:12.770] [exthost] [warning] [Decorations] CAPPING events from decorations provider vscode.git 317
[2022-08-25 10:38:17.832] [exthost] [warning] [Decorations] CAPPING events from decorations provider vscode.git 317
[2022-08-25 10:38:22.894] [exthost] [warning] [Decorations] CAPPING events from decorations provider vscode.git 317
[2022-08-25 10:38:27.955] [exthost] [warning] [Decorations] CAPPING events from decorations provider vscode.git 317
[2022-08-25 10:38:33.015] [exthost] [warning] [Decorations] CAPPING events from decorations provider vscode.git 317
[2022-08-25 10:38:38.079] [exthost] [warning] [Decorations] CAPPING events from decorations provider vscode.git 317
[2022-08-25 10:38:43.138] [exthost] [warning] [Decorations] CAPPING events from decorations provider vscode.git 317
[2022-08-25 10:38:48.204] [exthost] [warning] [Decorations] CAPPING events from decorations provider vscode.git 317
[2022-08-25 10:38:53.265] [exthost] [warning] [Decorations] CAPPING events from decorations provider vscode.git 317
[2022-08-25 10:38:58.337] [exthost] [warning] [Decorations] CAPPING events from decorations provider vscode.git 317
[2022-08-25 10:39:03.407] [exthost] [warning] [Decorations] CAPPING events from decorations provider vscode.git 317
[2022-08-25 10:39:08.470] [exthost] [warning] [Decorations] CAPPING events from decorations provider vscode.git 317
[2022-08-25 10:39:13.536] [exthost] [warning] [Decorations] CAPPING events from decorations provider vscode.git 317
[2022-08-25 10:39:18.604] [exthost] [warning] [Decorations] CAPPING events from decorations provider vscode.git 317
[2022-08-25 10:39:23.662] [exthost] [warning] [Decorations] CAPPING events from decorations provider vscode.git 317
[2022-08-25 10:39:28.725] [exthost] [warning] [Decorations] CAPPING events from decorations provider vscode.git 317
[2022-08-25 10:39:33.785] [exthost] [warning] [Decorations] CAPPING events from decorations provider vscode.git 317
[2022-08-25 10:39:38.847] [exthost] [warning] [Decorations] CAPPING events from decorations provider vscode.git 317
[2022-08-25 10:39:43.905] [exthost] [warning] [Decorations] CAPPING events from decorations provider vscode.git 317
[2022-08-25 10:39:48.965] [exthost] [warning] [Decorations] CAPPING events from decorations provider vscode.git 317
[2022-08-25 10:39:54.024] [exthost] [warning] [Decorations] CAPPING events from decorations provider vscode.git 317
[2022-08-25 10:39:59.090] [exthost] [warning] [Decorations] CAPPING events from decorations provider vscode.git 317
[2022-08-25 10:40:04.150] [exthost] [warning] [Decorations] CAPPING events from decorations provider vscode.git 317
[2022-08-25 10:40:09.214] [exthost] [warning] [Decorations] CAPPING events from decorations provider vscode.git 317
[2022-08-25 10:40:14.279] [exthost] [warning] [Decorations] CAPPING events from decorations provider vscode.git 317
[2022-08-25 10:40:19.343] [exthost] [warning] [Decorations] CAPPING events from decorations provider vscode.git 317
[2022-08-25 10:40:24.409] [exthost] [warning] [Decorations] CAPPING events from decorations provider vscode.git 317
[2022-08-25 10:40:29.473] [exthost] [warning] [Decorations] CAPPING events from decorations provider vscode.git 317
[2022-08-25 10:40:34.538] [exthost] [warning] [Decorations] CAPPING events from decorations provider vscode.git 317
[2022-08-25 10:40:39.601] [exthost] [warning] [Decorations] CAPPING events from decorations provider vscode.git 317
[2022-08-25 10:40:44.665] [exthost] [warning] [Decorations] CAPPING events from decorations provider vscode.git 317
[2022-08-25 10:42:27.643] [exthost] [warning] [Decorations] CAPPING events from decorations provider vscode.git 317
[2022-08-25 10:43:01.987] [exthost] [warning] [Decorations] CAPPING events from decorations provider vscode.git 317
[2022-08-25 10:44:59.165] [exthost] [warning] [Decorations] CAPPING events from decorations provider vscode.git 317
[2022-08-25 10:45:04.240] [exthost] [warning] [Decorations] CAPPING events from decorations provider vscode.git 317
[2022-08-25 10:45:09.306] [exthost] [warning] [Decorations] CAPPING events from decorations provider vscode.git 317
[2022-08-25 10:45:14.382] [exthost] [warning] [Decorations] CAPPING events from decorations provider vscode.git 317
[2022-08-25 10:45:19.455] [exthost] [warning] [Decorations] CAPPING events from decorations provider vscode.git 317
[2022-08-25 10:45:24.512] [exthost] [warning] [Decorations] CAPPING events from decorations provider vscode.git 317
[2022-08-25 10:45:29.570] [exthost] [warning] [Decorations] CAPPING events from decorations provider vscode.git 317
[2022-08-25 10:45:34.631] [exthost] [warning] [Decorations] CAPPING events from decorations provider vscode.git 317
[2022-08-25 10:45:39.698] [exthost] [warning] [Decorations] CAPPING events from decorations provider vscode.git 317
[2022-08-25 10:45:44.755] [exthost] [warning] [Decorations] CAPPING events from decorations provider vscode.git 317
[2022-08-25 10:45:49.815] [exthost] [warning] [Decorations] CAPPING events from decorations provider vscode.git 317
[2022-08-25 10:45:54.877] [exthost] [warning] [Decorations] CAPPING events from decorations provider vscode.git 317
[2022-08-25 10:45:59.941] [exthost] [warning] [Decorations] CAPPING events from decorations provider vscode.git 317
[2022-08-25 10:46:05.025] [exthost] [warning] [Decorations] CAPPING events from decorations provider vscode.git 317
[2022-08-25 10:46:10.098] [exthost] [warning] [Decorations] CAPPING events from decorations provider vscode.git 317
[2022-08-25 10:48:03.839] [exthost] [warning] [Decorations] CAPPING events from decorations provider vscode.git 317
[2022-08-25 10:48:45.288] [exthost] [warning] [Decorations] CAPPING events from decorations provider vscode.git 316
[2022-08-25 10:48:50.349] [exthost] [warning] [Decorations] CAPPING events from decorations provider vscode.git 316
[2022-08-25 10:48:55.412] [exthost] [warning] [Decorations] CAPPING events from decorations provider vscode.git 316
[2022-08-25 10:49:00.482] [exthost] [warning] [Decorations] CAPPING events from decorations provider vscode.git 316
[2022-08-25 10:49:05.549] [exthost] [warning] [Decorations] CAPPING events from decorations provider vscode.git 316
[2022-08-25 10:49:10.523] [exthost] [info] ExtensionService#_doActivateExtension vscode.css-language-features, startup: false, activationEvent: 'onLanguage:css'
[2022-08-25 10:49:10.708] [exthost] [warning] [Decorations] CAPPING events from decorations provider vscode.git 316
[2022-08-25 10:49:15.772] [exthost] [warning] [Decorations] CAPPING events from decorations provider vscode.git 316
[2022-08-25 10:49:20.859] [exthost] [warning] [Decorations] CAPPING events from decorations provider vscode.git 317
[2022-08-25 10:49:25.932] [exthost] [warning] [Decorations] CAPPING events from decorations provider vscode.git 318
[2022-08-25 10:49:48.455] [exthost] [warning] [Decorations] CAPPING events from decorations provider vscode.git 319
[2022-08-25 10:49:53.522] [exthost] [warning] [Decorations] CAPPING events from decorations provider vscode.git 318
[2022-08-25 10:49:58.591] [exthost] [warning] [Decorations] CAPPING events from decorations provider vscode.git 319
[2022-08-25 10:50:03.649] [exthost] [warning] [Decorations] CAPPING events from decorations provider vscode.git 319
[2022-08-25 10:50:08.711] [exthost] [warning] [Decorations] CAPPING events from decorations provider vscode.git 319
[2022-08-25 10:50:13.783] [exthost] [warning] [Decorations] CAPPING events from decorations provider vscode.git 319
[2022-08-25 10:50:41.306] [exthost] [warning] [Decorations] CAPPING events from decorations provider vscode.git 318
[2022-08-25 10:50:46.368] [exthost] [warning] [Decorations] CAPPING events from decorations provider vscode.git 318
[2022-08-25 10:51:31.261] [exthost] [warning] [Decorations] CAPPING events from decorations provider vscode.git 318
[2022-08-25 10:51:36.323] [exthost] [warning] [Decorations] CAPPING events from decorations provider vscode.git 318
[2022-08-25 10:51:41.375] [exthost] [warning] [Decorations] CAPPING events from decorations provider vscode.git 318
[2022-08-25 10:51:52.578] [exthost] [warning] [Decorations] CAPPING events from decorations provider vscode.git 318
[2022-08-25 10:52:52.652] [exthost] [warning] [Decorations] CAPPING events from decorations provider vscode.git 318
[2022-08-25 10:52:57.717] [exthost] [warning] [Decorations] CAPPING events from decorations provider vscode.git 318
[2022-08-25 10:53:02.779] [exthost] [warning] [Decorations] CAPPING events from decorations provider vscode.git 318
[2022-08-25 10:53:13.626] [exthost] [warning] [Decorations] CAPPING events from decorations provider vscode.git 318
[2022-08-25 10:53:18.690] [exthost] [warning] [Decorations] CAPPING events from decorations provider vscode.git 318
[2022-08-25 10:53:23.753] [exthost] [warning] [Decorations] CAPPING events from decorations provider vscode.git 318
[2022-08-25 10:53:29.127] [exthost] [warning] [Decorations] CAPPING events from decorations provider vscode.git 318
[2022-08-25 10:53:37.490] [exthost] [warning] [Decorations] CAPPING events from decorations provider vscode.git 319
[2022-08-25 10:54:34.215] [exthost] [warning] [Decorations] CAPPING events from decorations provider vscode.git 319
[2022-08-25 10:54:39.288] [exthost] [warning] [Decorations] CAPPING events from decorations provider vscode.git 318
[2022-08-25 10:54:44.347] [exthost] [warning] [Decorations] CAPPING events from decorations provider vscode.git 318
[2022-08-25 10:54:49.404] [exthost] [warning] [Decorations] CAPPING events from decorations provider vscode.git 318
[2022-08-25 10:55:46.845] [exthost] [warning] [Decorations] CAPPING events from decorations provider vscode.git 318
[2022-08-25 10:55:51.903] [exthost] [warning] [Decorations] CAPPING events from decorations provider vscode.git 318
[2022-08-25 10:55:56.961] [exthost] [warning] [Decorations] CAPPING events from decorations provider vscode.git 318
[2022-08-25 10:56:02.027] [exthost] [warning] [Decorations] CAPPING events from decorations provider vscode.git 318
[2022-08-25 10:56:07.093] [exthost] [warning] [Decorations] CAPPING events from decorations provider vscode.git 318
[2022-08-25 10:56:29.716] [exthost] [warning] [Decorations] CAPPING events from decorations provider vscode.git 318
[2022-08-25 10:56:34.788] [exthost] [warning] [Decorations] CAPPING events from decorations provider vscode.git 319
[2022-08-25 10:56:39.846] [exthost] [warning] [Decorations] CAPPING events from decorations provider vscode.git 319
[2022-08-25 10:56:58.909] [exthost] [warning] [Decorations] CAPPING events from decorations provider vscode.git 318
[2022-08-25 10:57:03.972] [exthost] [warning] [Decorations] CAPPING events from decorations provider vscode.git 318
[2022-08-25 10:57:19.388] [exthost] [warning] [Decorations] CAPPING events from decorations provider vscode.git 318
[2022-08-25 10:57:24.456] [exthost] [warning] [Decorations] CAPPING events from decorations provider vscode.git 318
[2022-08-25 10:57:29.519] [exthost] [warning] [Decorations] CAPPING events from decorations provider vscode.git 318
[2022-08-25 10:57:40.897] [exthost] [warning] [Decorations] CAPPING events from decorations provider vscode.git 318
[2022-08-25 10:57:45.958] [exthost] [warning] [Decorations] CAPPING events from decorations provider vscode.git 318
[2022-08-25 10:57:51.022] [exthost] [warning] [Decorations] CAPPING events from decorations provider vscode.git 318
[2022-08-25 10:57:56.087] [exthost] [warning] [Decorations] CAPPING events from decorations provider vscode.git 319
[2022-08-25 10:58:01.161] [exthost] [warning] [Decorations] CAPPING events from decorations provider vscode.git 319
[2022-08-25 10:58:06.227] [exthost] [warning] [Decorations] CAPPING events from decorations provider vscode.git 319
[2022-08-25 10:58:11.294] [exthost] [warning] [Decorations] CAPPING events from decorations provider vscode.git 319
[2022-08-25 10:59:40.245] [exthost] [warning] [Decorations] CAPPING events from decorations provider vscode.git 318
[2022-08-25 10:59:45.314] [exthost] [warning] [Decorations] CAPPING events from decorations provider vscode.git 318
[2022-08-25 10:59:50.376] [exthost] [warning] [Decorations] CAPPING events from decorations provider vscode.git 318
[2022-08-25 10:59:55.437] [exthost] [warning] [Decorations] CAPPING events from decorations provider vscode.git 318
[2022-08-25 11:00:00.500] [exthost] [warning] [Decorations] CAPPING events from decorations provider vscode.git 318
[2022-08-25 11:00:05.564] [exthost] [warning] [Decorations] CAPPING events from decorations provider vscode.git 318
[2022-08-25 11:00:10.624] [exthost] [warning] [Decorations] CAPPING events from decorations provider vscode.git 318
[2022-08-25 11:00:15.688] [exthost] [warning] [Decorations] CAPPING events from decorations provider vscode.git 318
[2022-08-25 11:00:20.751] [exthost] [warning] [Decorations] CAPPING events from decorations provider vscode.git 318
[2022-08-25 11:00:25.822] [exthost] [warning] [Decorations] CAPPING events from decorations provider vscode.git 318
[2022-08-25 11:00:38.473] [exthost] [warning] [Decorations] CAPPING events from decorations provider vscode.git 318
[2022-08-25 11:00:43.541] [exthost] [warning] [Decorations] CAPPING events from decorations provider vscode.git 318
[2022-08-25 11:00:48.610] [exthost] [warning] [Decorations] CAPPING events from decorations provider vscode.git 318
[2022-08-25 11:00:53.672] [exthost] [warning] [Decorations] CAPPING events from decorations provider vscode.git 318
[2022-08-25 11:00:58.735] [exthost] [warning] [Decorations] CAPPING events from decorations provider vscode.git 318
[2022-08-25 11:01:03.800] [exthost] [warning] [Decorations] CAPPING events from decorations provider vscode.git 318
[2022-08-25 11:01:08.859] [exthost] [warning] [Decorations] CAPPING events from decorations provider vscode.git 319
[2022-08-25 11:01:51.877] [exthost] [warning] [Decorations] CAPPING events from decorations provider vscode.git 319
[2022-08-25 11:01:56.939] [exthost] [warning] [Decorations] CAPPING events from decorations provider vscode.git 318
[2022-08-25 11:02:01.997] [exthost] [warning] [Decorations] CAPPING events from decorations provider vscode.git 319
[2022-08-25 11:02:07.066] [exthost] [warning] [Decorations] CAPPING events from decorations provider vscode.git 319
[2022-08-25 11:02:26.423] [exthost] [warning] [Decorations] CAPPING events from decorations provider vscode.git 318
[2022-08-25 11:02:31.482] [exthost] [warning] [Decorations] CAPPING events from decorations provider vscode.git 318
[2022-08-25 11:02:37.554] [exthost] [warning] [Decorations] CAPPING events from decorations provider vscode.git 319
[2022-08-25 11:02:42.608] [exthost] [warning] [Decorations] CAPPING events from decorations provider vscode.git 319
[2022-08-25 11:02:47.669] [exthost] [warning] [Decorations] CAPPING events from decorations provider vscode.git 319
[2022-08-25 11:02:52.733] [exthost] [warning] [Decorations] CAPPING events from decorations provider vscode.git 319
[2022-08-25 11:02:59.617] [exthost] [warning] [Decorations] CAPPING events from decorations provider vscode.git 319
[2022-08-25 11:03:04.682] [exthost] [warning] [Decorations] CAPPING events from decorations provider vscode.git 318
[2022-08-25 11:03:09.745] [exthost] [warning] [Decorations] CAPPING events from decorations provider vscode.git 319
[2022-08-25 11:03:14.816] [exthost] [warning] [Decorations] CAPPING events from decorations provider vscode.git 319
[2022-08-25 11:03:25.153] [exthost] [warning] [Decorations] CAPPING events from decorations provider vscode.git 319
[2022-08-25 11:03:30.219] [exthost] [warning] [Decorations] CAPPING events from decorations provider vscode.git 319
[2022-08-25 11:03:38.412] [exthost] [warning] [Decorations] CAPPING events from decorations provider vscode.git 319
[2022-08-25 11:03:50.764] [exthost] [warning] [Decorations] CAPPING events from decorations provider vscode.git 319
[2022-08-25 11:03:55.825] [exthost] [warning] [Decorations] CAPPING events from decorations provider vscode.git 318
[2022-08-25 11:04:00.886] [exthost] [warning] [Decorations] CAPPING events from decorations provider vscode.git 318
[2022-08-25 11:04:05.942] [exthost] [warning] [Decorations] CAPPING events from decorations provider vscode.git 319
[2022-08-25 11:04:11.007] [exthost] [warning] [Decorations] CAPPING events from decorations provider vscode.git 319
[2022-08-25 11:04:17.975] [exthost] [warning] [Decorations] CAPPING events from decorations provider vscode.git 319
[2022-08-25 11:04:23.034] [exthost] [warning] [Decorations] CAPPING events from decorations provider vscode.git 319
[2022-08-25 11:04:28.094] [exthost] [warning] [Decorations] CAPPING events from decorations provider vscode.git 319
[2022-08-25 11:04:33.157] [exthost] [warning] [Decorations] CAPPING events from decorations provider vscode.git 319
[2022-08-25 11:04:38.217] [exthost] [warning] [Decorations] CAPPING events from decorations provider vscode.git 319
[2022-08-25 11:04:43.281] [exthost] [warning] [Decorations] CAPPING events from decorations provider vscode.git 319
[2022-08-25 11:07:40.109] [exthost] [warning] [Decorations] CAPPING events from decorations provider vscode.git 319
[2022-08-25 11:07:45.172] [exthost] [warning] [Decorations] CAPPING events from decorations provider vscode.git 318
[2022-08-25 11:07:50.235] [exthost] [warning] [Decorations] CAPPING events from decorations provider vscode.git 318
[2022-08-25 11:07:55.297] [exthost] [warning] [Decorations] CAPPING events from decorations provider vscode.git 319
[2022-08-25 11:08:06.864] [exthost] [warning] [Decorations] CAPPING events from decorations provider vscode.git 319
[2022-08-25 11:08:11.919] [exthost] [warning] [Decorations] CAPPING events from decorations provider vscode.git 318
[2022-08-25 11:08:16.982] [exthost] [warning] [Decorations] CAPPING events from decorations provider vscode.git 318
[2022-08-25 11:08:22.064] [exthost] [warning] [Decorations] CAPPING events from decorations provider vscode.git 319
[2022-08-25 11:08:27.128] [exthost] [warning] [Decorations] CAPPING events from decorations provider vscode.git 319
[2022-08-25 11:08:32.191] [exthost] [warning] [Decorations] CAPPING events from decorations provider vscode.git 319
[2022-08-25 11:08:37.254] [exthost] [warning] [Decorations] CAPPING events from decorations provider vscode.git 319
[2022-08-25 11:08:42.318] [exthost] [warning] [Decorations] CAPPING events from decorations provider vscode.git 319
[2022-08-25 11:08:47.387] [exthost] [warning] [Decorations] CAPPING events from decorations provider vscode.git 319
[2022-08-25 11:08:52.456] [exthost] [warning] [Decorations] CAPPING events from decorations provider vscode.git 319
[2022-08-25 11:09:12.239] [exthost] [warning] [Decorations] CAPPING events from decorations provider vscode.git 319
[2022-08-25 11:09:17.298] [exthost] [warning] [Decorations] CAPPING events from decorations provider vscode.git 318
[2022-08-25 11:09:22.357] [exthost] [warning] [Decorations] CAPPING events from decorations provider vscode.git 318
[2022-08-25 11:09:27.427] [exthost] [warning] [Decorations] CAPPING events from decorations provider vscode.git 318
[2022-08-25 11:09:32.490] [exthost] [warning] [Decorations] CAPPING events from decorations provider vscode.git 318
[2022-08-25 11:09:37.550] [exthost] [warning] [Decorations] CAPPING events from decorations provider vscode.git 318
[2022-08-25 11:09:42.614] [exthost] [warning] [Decorations] CAPPING events from decorations provider vscode.git 318
[2022-08-25 11:09:47.681] [exthost] [warning] [Decorations] CAPPING events from decorations provider vscode.git 318
[2022-08-25 11:09:52.750] [exthost] [warning] [Decorations] CAPPING events from decorations provider vscode.git 318
[2022-08-25 11:09:57.822] [exthost] [warning] [Decorations] CAPPING events from decorations provider vscode.git 318
[2022-08-25 11:10:02.889] [exthost] [warning] [Decorations] CAPPING events from decorations provider vscode.git 318
[2022-08-25 11:10:07.967] [exthost] [warning] [Decorations] CAPPING events from decorations provider vscode.git 318
[2022-08-25 11:10:13.040] [exthost] [warning] [Decorations] CAPPING events from decorations provider vscode.git 318
[2022-08-25 11:10:18.107] [exthost] [warning] [Decorations] CAPPING events from decorations provider vscode.git 318
[2022-08-25 11:10:23.178] [exthost] [warning] [Decorations] CAPPING events from decorations provider vscode.git 318
[2022-08-25 11:10:28.258] [exthost] [warning] [Decorations] CAPPING events from decorations provider vscode.git 318
[2022-08-25 11:10:33.322] [exthost] [warning] [Decorations] CAPPING events from decorations provider vscode.git 318
[2022-08-25 11:10:38.392] [exthost] [warning] [Decorations] CAPPING events from decorations provider vscode.git 318
[2022-08-25 11:10:43.461] [exthost] [warning] [Decorations] CAPPING events from decorations provider vscode.git 319
[2022-08-25 11:10:48.532] [exthost] [warning] [Decorations] CAPPING events from decorations provider vscode.git 319
[2022-08-25 11:10:53.595] [exthost] [warning] [Decorations] CAPPING events from decorations provider vscode.git 319
[2022-08-25 11:10:58.655] [exthost] [warning] [Decorations] CAPPING events from decorations provider vscode.git 319
[2022-08-25 11:11:03.724] [exthost] [warning] [Decorations] CAPPING events from decorations provider vscode.git 319
[2022-08-25 11:11:08.789] [exthost] [warning] [Decorations] CAPPING events from decorations provider vscode.git 319
[2022-08-25 11:11:13.860] [exthost] [warning] [Decorations] CAPPING events from decorations provider vscode.git 319
[2022-08-25 11:11:18.927] [exthost] [warning] [Decorations] CAPPING events from decorations provider vscode.git 319
[2022-08-25 11:11:24.039] [exthost] [warning] [Decorations] CAPPING events from decorations provider vscode.git 319
[2022-08-25 11:11:30.259] [exthost] [warning] [Decorations] CAPPING events from decorations provider vscode.git 319
[2022-08-25 11:11:35.329] [exthost] [warning] [Decorations] CAPPING events from decorations provider vscode.git 319
[2022-08-25 11:11:40.391] [exthost] [warning] [Decorations] CAPPING events from decorations provider vscode.git 319
[2022-08-25 11:11:45.456] [exthost] [warning] [Decorations] CAPPING events from decorations provider vscode.git 318
[2022-08-25 11:11:50.516] [exthost] [warning] [Decorations] CAPPING events from decorations provider vscode.git 318
[2022-08-25 11:11:55.597] [exthost] [warning] [Decorations] CAPPING events from decorations provider vscode.git 318
[2022-08-25 11:12:00.660] [exthost] [warning] [Decorations] CAPPING events from decorations provider vscode.git 318
[2022-08-25 11:12:05.726] [exthost] [warning] [Decorations] CAPPING events from decorations provider vscode.git 318
[2022-08-25 11:12:10.796] [exthost] [warning] [Decorations] CAPPING events from decorations provider vscode.git 318
[2022-08-25 11:12:15.864] [exthost] [warning] [Decorations] CAPPING events from decorations provider vscode.git 318
[2022-08-25 11:12:20.931] [exthost] [warning] [Decorations] CAPPING events from decorations provider vscode.git 318
[2022-08-25 11:12:25.999] [exthost] [warning] [Decorations] CAPPING events from decorations provider vscode.git 318
[2022-08-25 11:12:31.063] [exthost] [warning] [Decorations] CAPPING events from decorations provider vscode.git 318
[2022-08-25 11:12:36.123] [exthost] [warning] [Decorations] CAPPING events from decorations provider vscode.git 318
[2022-08-25 11:12:41.187] [exthost] [warning] [Decorations] CAPPING events from decorations provider vscode.git 318
[2022-08-25 11:12:46.243] [exthost] [warning] [Decorations] CAPPING events from decorations provider vscode.git 318
[2022-08-25 11:12:51.328] [exthost] [warning] [Decorations] CAPPING events from decorations provider vscode.git 318
[2022-08-25 11:12:56.402] [exthost] [warning] [Decorations] CAPPING events from decorations provider vscode.git 318
[2022-08-25 11:13:01.467] [exthost] [warning] [Decorations] CAPPING events from decorations provider vscode.git 318
[2022-08-25 11:13:07.966] [exthost] [warning] [Decorations] CAPPING events from decorations provider vscode.git 319
[2022-08-25 11:13:13.027] [exthost] [warning] [Decorations] CAPPING events from decorations provider vscode.git 319
[2022-08-25 11:13:18.094] [exthost] [warning] [Decorations] CAPPING events from decorations provider vscode.git 319
[2022-08-25 11:13:23.153] [exthost] [warning] [Decorations] CAPPING events from decorations provider vscode.git 319
[2022-08-25 11:15:20.696] [exthost] [warning] [Decorations] CAPPING events from decorations provider vscode.git 319
[2022-08-25 11:15:25.761] [exthost] [warning] [Decorations] CAPPING events from decorations provider vscode.git 319
[2022-08-25 11:19:05.019] [exthost] [warning] [Decorations] CAPPING events from decorations provider vscode.git 319
[2022-08-25 11:21:05.450] [exthost] [warning] [Decorations] CAPPING events from decorations provider vscode.git 319
[2022-08-25 11:21:37.844] [exthost] [warning] [Decorations] CAPPING events from decorations provider vscode.git 320
[2022-08-25 11:21:42.903] [exthost] [warning] [Decorations] CAPPING events from decorations provider vscode.git 320
[2022-08-25 11:21:50.456] [exthost] [warning] [Decorations] CAPPING events from decorations provider vscode.git 321
[2022-08-25 11:21:58.040] [exthost] [warning] [Decorations] CAPPING events from decorations provider vscode.git 321
[2022-08-25 11:22:19.831] [exthost] [warning] [Decorations] CAPPING events from decorations provider vscode.git 320
[2022-08-25 11:22:24.892] [exthost] [warning] [Decorations] CAPPING events from decorations provider vscode.git 321
[2022-08-25 11:22:30.029] [exthost] [warning] [Decorations] CAPPING events from decorations provider vscode.git 321
[2022-08-25 11:22:36.574] [exthost] [warning] [Decorations] CAPPING events from decorations provider vscode.git 320
[2022-08-25 11:22:41.640] [exthost] [warning] [Decorations] CAPPING events from decorations provider vscode.git 321
[2022-08-25 11:22:51.424] [exthost] [warning] [Decorations] CAPPING events from decorations provider vscode.git 321
[2022-08-25 11:22:56.494] [exthost] [warning] [Decorations] CAPPING events from decorations provider vscode.git 320
[2022-08-25 11:23:01.562] [exthost] [warning] [Decorations] CAPPING events from decorations provider vscode.git 320
[2022-08-25 11:23:06.629] [exthost] [warning] [Decorations] CAPPING events from decorations provider vscode.git 320
[2022-08-25 11:23:11.688] [exthost] [warning] [Decorations] CAPPING events from decorations provider vscode.git 320
[2022-08-25 11:23:16.746] [exthost] [warning] [Decorations] CAPPING events from decorations provider vscode.git 320
[2022-08-25 11:23:21.810] [exthost] [warning] [Decorations] CAPPING events from decorations provider vscode.git 320
[2022-08-25 11:23:26.882] [exthost] [warning] [Decorations] CAPPING events from decorations provider vscode.git 320
[2022-08-25 11:23:31.952] [exthost] [warning] [Decorations] CAPPING events from decorations provider vscode.git 320
[2022-08-25 11:23:37.010] [exthost] [warning] [Decorations] CAPPING events from decorations provider vscode.git 320
[2022-08-25 11:23:42.071] [exthost] [warning] [Decorations] CAPPING events from decorations provider vscode.git 320
[2022-08-25 11:23:47.135] [exthost] [warning] [Decorations] CAPPING events from decorations provider vscode.git 321
[2022-08-25 11:23:52.200] [exthost] [warning] [Decorations] CAPPING events from decorations provider vscode.git 321
[2022-08-25 11:24:25.438] [exthost] [warning] [Decorations] CAPPING events from decorations provider vscode.git 321
[2022-08-25 11:26:22.937] [exthost] [warning] [Decorations] CAPPING events from decorations provider vscode.git 320
[2022-08-25 11:26:28.004] [exthost] [warning] [Decorations] CAPPING events from decorations provider vscode.git 320
[2022-08-25 11:26:33.067] [exthost] [warning] [Decorations] CAPPING events from decorations provider vscode.git 320
[2022-08-25 11:26:38.138] [exthost] [warning] [Decorations] CAPPING events from decorations provider vscode.git 321
[2022-08-25 11:26:43.204] [exthost] [warning] [Decorations] CAPPING events from decorations provider vscode.git 321
[2022-08-25 11:26:48.270] [exthost] [warning] [Decorations] CAPPING events from decorations provider vscode.git 321
[2022-08-25 11:26:53.337] [exthost] [warning] [Decorations] CAPPING events from decorations provider vscode.git 321
[2022-08-25 11:26:58.401] [exthost] [warning] [Decorations] CAPPING events from decorations provider vscode.git 321
[2022-08-25 11:27:03.502] [exthost] [warning] [Decorations] CAPPING events from decorations provider vscode.git 321
[2022-08-25 11:27:08.566] [exthost] [warning] [Decorations] CAPPING events from decorations provider vscode.git 321
[2022-08-25 11:36:31.044] [exthost] [warning] [Decorations] CAPPING events from decorations provider vscode.git 323
[2022-08-25 11:36:36.110] [exthost] [warning] [Decorations] CAPPING events from decorations provider vscode.git 323
[2022-08-25 11:36:41.173] [exthost] [warning] [Decorations] CAPPING events from decorations provider vscode.git 323
[2022-08-25 11:36:46.238] [exthost] [warning] [Decorations] CAPPING events from decorations provider vscode.git 324
[2022-08-25 11:36:51.295] [exthost] [warning] [Decorations] CAPPING events from decorations provider vscode.git 324
[2022-08-25 11:36:56.355] [exthost] [warning] [Decorations] CAPPING events from decorations provider vscode.git 324
[2022-08-25 11:37:01.420] [exthost] [warning] [Decorations] CAPPING events from decorations provider vscode.git 324
[2022-08-25 11:37:18.321] [exthost] [warning] [Decorations] CAPPING events from decorations provider vscode.git 324
[2022-08-25 11:37:23.393] [exthost] [warning] [Decorations] CAPPING events from decorations provider vscode.git 323
[2022-08-25 11:37:28.467] [exthost] [warning] [Decorations] CAPPING events from decorations provider vscode.git 324
[2022-08-25 11:37:33.541] [exthost] [warning] [Decorations] CAPPING events from decorations provider vscode.git 324
[2022-08-25 11:37:38.601] [exthost] [warning] [Decorations] CAPPING events from decorations provider vscode.git 324
[2022-08-25 11:37:43.663] [exthost] [warning] [Decorations] CAPPING events from decorations provider vscode.git 324
[2022-08-25 11:39:43.382] [exthost] [warning] [Decorations] CAPPING events from decorations provider vscode.git 323
[2022-08-25 11:39:48.453] [exthost] [warning] [Decorations] CAPPING events from decorations provider vscode.git 323
[2022-08-25 11:39:53.525] [exthost] [warning] [Decorations] CAPPING events from decorations provider vscode.git 323
[2022-08-25 11:39:58.595] [exthost] [warning] [Decorations] CAPPING events from decorations provider vscode.git 323
[2022-08-25 11:40:03.662] [exthost] [warning] [Decorations] CAPPING events from decorations provider vscode.git 323
[2022-08-25 11:40:08.730] [exthost] [warning] [Decorations] CAPPING events from decorations provider vscode.git 324
[2022-08-25 11:40:14.654] [exthost] [warning] [Decorations] CAPPING events from decorations provider vscode.git 324
[2022-08-25 11:40:19.719] [exthost] [warning] [Decorations] CAPPING events from decorations provider vscode.git 324
[2022-08-25 11:40:24.789] [exthost] [warning] [Decorations] CAPPING events from decorations provider vscode.git 323
[2022-08-25 11:40:29.853] [exthost] [warning] [Decorations] CAPPING events from decorations provider vscode.git 324
[2022-08-25 11:40:34.928] [exthost] [warning] [Decorations] CAPPING events from decorations provider vscode.git 324
[2022-08-25 11:40:39.987] [exthost] [warning] [Decorations] CAPPING events from decorations provider vscode.git 324
[2022-08-25 11:40:45.049] [exthost] [warning] [Decorations] CAPPING events from decorations provider vscode.git 324
[2022-08-25 11:40:50.110] [exthost] [warning] [Decorations] CAPPING events from decorations provider vscode.git 324
[2022-08-25 11:40:56.832] [exthost] [warning] [Decorations] CAPPING events from decorations provider vscode.git 324
[2022-08-25 11:41:10.656] [exthost] [warning] [Decorations] CAPPING events from decorations provider vscode.git 323
[2022-08-25 11:41:15.718] [exthost] [warning] [Decorations] CAPPING events from decorations provider vscode.git 323
[2022-08-25 11:41:20.789] [exthost] [warning] [Decorations] CAPPING events from decorations provider vscode.git 323
[2022-08-25 11:41:25.849] [exthost] [warning] [Decorations] CAPPING events from decorations provider vscode.git 323
[2022-08-25 11:41:30.910] [exthost] [warning] [Decorations] CAPPING events from decorations provider vscode.git 324
[2022-08-25 11:41:35.973] [exthost] [warning] [Decorations] CAPPING events from decorations provider vscode.git 324
[2022-08-25 11:41:41.045] [exthost] [warning] [Decorations] CAPPING events from decorations provider vscode.git 324
[2022-08-25 11:41:46.114] [exthost] [warning] [Decorations] CAPPING events from decorations provider vscode.git 324
[2022-08-25 11:41:51.183] [exthost] [warning] [Decorations] CAPPING events from decorations provider vscode.git 324
[2022-08-25 11:41:56.247] [exthost] [warning] [Decorations] CAPPING events from decorations provider vscode.git 324
[2022-08-25 11:42:01.318] [exthost] [warning] [Decorations] CAPPING events from decorations provider vscode.git 324
[2022-08-25 11:42:06.384] [exthost] [warning] [Decorations] CAPPING events from decorations provider vscode.git 324
[2022-08-25 11:42:11.454] [exthost] [warning] [Decorations] CAPPING events from decorations provider vscode.git 324
[2022-08-25 11:42:16.519] [exthost] [warning] [Decorations] CAPPING events from decorations provider vscode.git 324
[2022-08-25 11:42:21.580] [exthost] [warning] [Decorations] CAPPING events from decorations provider vscode.git 324
[2022-08-25 11:42:26.646] [exthost] [warning] [Decorations] CAPPING events from decorations provider vscode.git 324
[2022-08-25 11:42:31.709] [exthost] [warning] [Decorations] CAPPING events from decorations provider vscode.git 324
[2022-08-25 11:42:36.765] [exthost] [warning] [Decorations] CAPPING events from decorations provider vscode.git 324
[2022-08-25 11:42:41.826] [exthost] [warning] [Decorations] CAPPING events from decorations provider vscode.git 324
[2022-08-25 11:42:46.896] [exthost] [warning] [Decorations] CAPPING events from decorations provider vscode.git 324
[2022-08-25 11:42:51.964] [exthost] [warning] [Decorations] CAPPING events from decorations provider vscode.git 323
[2022-08-25 11:42:57.037] [exthost] [warning] [Decorations] CAPPING events from decorations provider vscode.git 323
[2022-08-25 11:43:02.098] [exthost] [warning] [Decorations] CAPPING events from decorations provider vscode.git 323
[2022-08-25 11:43:07.166] [exthost] [warning] [Decorations] CAPPING events from decorations provider vscode.git 323
[2022-08-25 11:43:12.234] [exthost] [warning] [Decorations] CAPPING events from decorations provider vscode.git 323
[2022-08-25 11:43:17.304] [exthost] [warning] [Decorations] CAPPING events from decorations provider vscode.git 323
[2022-08-25 11:43:22.374] [exthost] [warning] [Decorations] CAPPING events from decorations provider vscode.git 323
[2022-08-25 11:43:27.438] [exthost] [warning] [Decorations] CAPPING events from decorations provider vscode.git 323
[2022-08-25 11:43:32.504] [exthost] [warning] [Decorations] CAPPING events from decorations provider vscode.git 323
[2022-08-25 11:43:37.568] [exthost] [warning] [Decorations] CAPPING events from decorations provider vscode.git 323
[2022-08-25 11:43:42.636] [exthost] [warning] [Decorations] CAPPING events from decorations provider vscode.git 323
[2022-08-25 11:43:47.700] [exthost] [warning] [Decorations] CAPPING events from decorations provider vscode.git 323
[2022-08-25 11:43:52.765] [exthost] [warning] [Decorations] CAPPING events from decorations provider vscode.git 323
[2022-08-25 11:43:57.826] [exthost] [warning] [Decorations] CAPPING events from decorations provider vscode.git 323
[2022-08-25 11:46:18.642] [exthost] [warning] [Decorations] CAPPING events from decorations provider vscode.git 323
[2022-08-25 11:46:23.718] [exthost] [warning] [Decorations] CAPPING events from decorations provider vscode.git 323
[2022-08-25 11:46:28.784] [exthost] [warning] [Decorations] CAPPING events from decorations provider vscode.git 324
[2022-08-25 11:48:06.825] [exthost] [warning] [Decorations] CAPPING events from decorations provider vscode.git 324
[2022-08-25 11:48:11.888] [exthost] [warning] [Decorations] CAPPING events from decorations provider vscode.git 323
[2022-08-25 11:48:16.951] [exthost] [warning] [Decorations] CAPPING events from decorations provider vscode.git 323
[2022-08-25 11:48:24.900] [exthost] [warning] [Decorations] CAPPING events from decorations provider vscode.git 323
[2022-08-25 11:48:56.116] [exthost] [warning] [Decorations] CAPPING events from decorations provider vscode.git 323
[2022-08-25 11:49:01.182] [exthost] [warning] [Decorations] CAPPING events from decorations provider vscode.git 323
[2022-08-25 11:49:06.248] [exthost] [warning] [Decorations] CAPPING events from decorations provider vscode.git 324
[2022-08-25 11:51:59.754] [exthost] [warning] [Decorations] CAPPING events from decorations provider vscode.git 324
[2022-08-25 11:52:04.815] [exthost] [warning] [Decorations] CAPPING events from decorations provider vscode.git 323
[2022-08-25 11:52:09.877] [exthost] [warning] [Decorations] CAPPING events from decorations provider vscode.git 323
[2022-08-25 11:52:14.946] [exthost] [warning] [Decorations] CAPPING events from decorations provider vscode.git 323
[2022-08-25 11:52:20.029] [exthost] [warning] [Decorations] CAPPING events from decorations provider vscode.git 323
[2022-08-25 11:52:25.085] [exthost] [warning] [Decorations] CAPPING events from decorations provider vscode.git 323
[2022-08-25 11:56:40.017] [exthost] [warning] [Decorations] CAPPING events from decorations provider vscode.git 323
[2022-08-25 11:57:04.513] [exthost] [warning] [Decorations] CAPPING events from decorations provider vscode.git 323
[2022-08-25 11:57:09.578] [exthost] [warning] [Decorations] CAPPING events from decorations provider vscode.git 323
[2022-08-25 11:57:14.645] [exthost] [warning] [Decorations] CAPPING events from decorations provider vscode.git 323
[2022-08-25 11:57:19.714] [exthost] [warning] [Decorations] CAPPING events from decorations provider vscode.git 323
[2022-08-25 11:57:24.780] [exthost] [warning] [Decorations] CAPPING events from decorations provider vscode.git 323
[2022-08-25 11:57:29.840] [exthost] [warning] [Decorations] CAPPING events from decorations provider vscode.git 323
[2022-08-25 11:57:34.906] [exthost] [warning] [Decorations] CAPPING events from decorations provider vscode.git 323
[2022-08-25 11:57:39.971] [exthost] [warning] [Decorations] CAPPING events from decorations provider vscode.git 323
[2022-08-25 11:57:45.033] [exthost] [warning] [Decorations] CAPPING events from decorations provider vscode.git 323
[2022-08-25 11:57:50.097] [exthost] [warning] [Decorations] CAPPING events from decorations provider vscode.git 323
[2022-08-25 11:57:55.164] [exthost] [warning] [Decorations] CAPPING events from decorations provider vscode.git 323
[2022-08-25 11:58:00.231] [exthost] [warning] [Decorations] CAPPING events from decorations provider vscode.git 323
[2022-08-25 11:58:05.308] [exthost] [warning] [Decorations] CAPPING events from decorations provider vscode.git 323
[2022-08-25 11:58:10.375] [exthost] [warning] [Decorations] CAPPING events from decorations provider vscode.git 323
[2022-08-25 11:59:50.263] [exthost] [warning] [Decorations] CAPPING events from decorations provider vscode.git 323
[2022-08-25 11:59:55.320] [exthost] [warning] [Decorations] CAPPING events from decorations provider vscode.git 323
[2022-08-25 12:00:00.379] [exthost] [warning] [Decorations] CAPPING events from decorations provider vscode.git 323
[2022-08-25 12:03:08.637] [exthost] [warning] [Decorations] CAPPING events from decorations provider vscode.git 323
[2022-08-25 12:03:13.708] [exthost] [warning] [Decorations] CAPPING events from decorations provider vscode.git 323
[2022-08-25 12:03:18.770] [exthost] [warning] [Decorations] CAPPING events from decorations provider vscode.git 323
[2022-08-25 12:03:23.828] [exthost] [warning] [Decorations] CAPPING events from decorations provider vscode.git 323
[2022-08-25 12:03:28.889] [exthost] [warning] [Decorations] CAPPING events from decorations provider vscode.git 324
[2022-08-25 12:03:33.949] [exthost] [warning] [Decorations] CAPPING events from decorations provider vscode.git 324
[2022-08-25 12:03:39.012] [exthost] [warning] [Decorations] CAPPING events from decorations provider vscode.git 324
[2022-08-25 12:03:44.067] [exthost] [warning] [Decorations] CAPPING events from decorations provider vscode.git 324
[2022-08-25 12:03:49.128] [exthost] [warning] [Decorations] CAPPING events from decorations provider vscode.git 323
[2022-08-25 12:05:39.514] [exthost] [warning] [Decorations] CAPPING events from decorations provider vscode.git 323
[2022-08-25 12:05:44.576] [exthost] [warning] [Decorations] CAPPING events from decorations provider vscode.git 324
[2022-08-25 12:05:49.640] [exthost] [warning] [Decorations] CAPPING events from decorations provider vscode.git 324
[2022-08-25 12:06:11.979] [exthost] [warning] [Decorations] CAPPING events from decorations provider vscode.git 323
[2022-08-25 12:06:17.041] [exthost] [warning] [Decorations] CAPPING events from decorations provider vscode.git 323
[2022-08-25 12:06:41.434] [exthost] [warning] [Decorations] CAPPING events from decorations provider vscode.git 323
[2022-08-25 12:06:46.498] [exthost] [warning] [Decorations] CAPPING events from decorations provider vscode.git 323
[2022-08-25 12:07:27.856] [exthost] [warning] [Decorations] CAPPING events from decorations provider vscode.git 323
[2022-08-25 12:07:36.544] [exthost] [warning] [Decorations] CAPPING events from decorations provider vscode.git 323
[2022-08-25 12:07:41.611] [exthost] [warning] [Decorations] CAPPING events from decorations provider vscode.git 323
[2022-08-25 12:07:46.671] [exthost] [warning] [Decorations] CAPPING events from decorations provider vscode.git 323
[2022-08-25 12:07:51.735] [exthost] [warning] [Decorations] CAPPING events from decorations provider vscode.git 323
[2022-08-25 12:08:15.892] [exthost] [warning] [Decorations] CAPPING events from decorations provider vscode.git 323
[2022-08-25 12:12:41.867] [exthost] [warning] [Decorations] CAPPING events from decorations provider vscode.git 323
[2022-08-25 12:12:46.929] [exthost] [warning] [Decorations] CAPPING events from decorations provider vscode.git 323
[2022-08-25 12:12:51.989] [exthost] [warning] [Decorations] CAPPING events from decorations provider vscode.git 323
[2022-08-25 12:12:57.053] [exthost] [warning] [Decorations] CAPPING events from decorations provider vscode.git 324
[2022-08-25 12:13:02.118] [exthost] [warning] [Decorations] CAPPING events from decorations provider vscode.git 324
[2022-08-25 12:13:07.184] [exthost] [warning] [Decorations] CAPPING events from decorations provider vscode.git 324
[2022-08-25 12:13:12.243] [exthost] [warning] [Decorations] CAPPING events from decorations provider vscode.git 323
[2022-08-25 12:13:17.311] [exthost] [warning] [Decorations] CAPPING events from decorations provider vscode.git 323
[2022-08-25 12:14:08.110] [exthost] [warning] [Decorations] CAPPING events from decorations provider vscode.git 323
[2022-08-25 12:14:13.177] [exthost] [warning] [Decorations] CAPPING events from decorations provider vscode.git 323
[2022-08-25 12:14:18.237] [exthost] [warning] [Decorations] CAPPING events from decorations provider vscode.git 323
[2022-08-25 12:14:23.305] [exthost] [warning] [Decorations] CAPPING events from decorations provider vscode.git 323
[2022-08-25 12:14:28.367] [exthost] [warning] [Decorations] CAPPING events from decorations provider vscode.git 323
[2022-08-25 12:14:33.431] [exthost] [warning] [Decorations] CAPPING events from decorations provider vscode.git 323
[2022-08-25 12:14:38.499] [exthost] [warning] [Decorations] CAPPING events from decorations provider vscode.git 323
[2022-08-25 12:15:12.501] [exthost] [warning] [Decorations] CAPPING events from decorations provider vscode.git 323
[2022-08-25 12:15:17.564] [exthost] [warning] [Decorations] CAPPING events from decorations provider vscode.git 324
[2022-08-25 12:15:22.641] [exthost] [warning] [Decorations] CAPPING events from decorations provider vscode.git 324
[2022-08-25 12:15:27.797] [exthost] [warning] [Decorations] CAPPING events from decorations provider vscode.git 324
[2022-08-25 12:15:32.860] [exthost] [warning] [Decorations] CAPPING events from decorations provider vscode.git 323
[2022-08-25 12:15:39.063] [exthost] [warning] [Decorations] CAPPING events from decorations provider vscode.git 323
[2022-08-25 12:15:54.167] [exthost] [warning] [Decorations] CAPPING events from decorations provider vscode.git 323
[2022-08-25 12:15:59.235] [exthost] [warning] [Decorations] CAPPING events from decorations provider vscode.git 323
[2022-08-25 12:16:04.306] [exthost] [warning] [Decorations] CAPPING events from decorations provider vscode.git 323
[2022-08-25 12:16:09.364] [exthost] [warning] [Decorations] CAPPING events from decorations provider vscode.git 323
[2022-08-25 12:16:14.425] [exthost] [warning] [Decorations] CAPPING events from decorations provider vscode.git 323
[2022-08-25 12:16:19.490] [exthost] [warning] [Decorations] CAPPING events from decorations provider vscode.git 323
[2022-08-25 12:16:24.562] [exthost] [warning] [Decorations] CAPPING events from decorations provider vscode.git 323
[2022-08-25 12:16:29.629] [exthost] [warning] [Decorations] CAPPING events from decorations provider vscode.git 323
[2022-08-25 12:16:34.693] [exthost] [warning] [Decorations] CAPPING events from decorations provider vscode.git 323
[2022-08-25 12:16:39.753] [exthost] [warning] [Decorations] CAPPING events from decorations provider vscode.git 323
[2022-08-25 12:16:44.821] [exthost] [warning] [Decorations] CAPPING events from decorations provider vscode.git 323
[2022-08-25 12:16:49.893] [exthost] [warning] [Decorations] CAPPING events from decorations provider vscode.git 323
[2022-08-25 12:16:54.959] [exthost] [warning] [Decorations] CAPPING events from decorations provider vscode.git 323
[2022-08-25 12:17:00.025] [exthost] [warning] [Decorations] CAPPING events from decorations provider vscode.git 323
[2022-08-25 12:17:05.096] [exthost] [warning] [Decorations] CAPPING events from decorations provider vscode.git 323
[2022-08-25 12:17:10.173] [exthost] [warning] [Decorations] CAPPING events from decorations provider vscode.git 323
[2022-08-25 12:17:15.252] [exthost] [warning] [Decorations] CAPPING events from decorations provider vscode.git 323
[2022-08-25 12:17:20.321] [exthost] [warning] [Decorations] CAPPING events from decorations provider vscode.git 323
[2022-08-25 12:17:25.408] [exthost] [warning] [Decorations] CAPPING events from decorations provider vscode.git 325
[2022-08-25 12:17:30.489] [exthost] [warning] [Decorations] CAPPING events from decorations provider vscode.git 325
[2022-08-25 12:17:35.557] [exthost] [warning] [Decorations] CAPPING events from decorations provider vscode.git 323
[2022-08-25 12:17:40.619] [exthost] [warning] [Decorations] CAPPING events from decorations provider vscode.git 323
[2022-08-25 12:17:45.682] [exthost] [warning] [Decorations] CAPPING events from decorations provider vscode.git 323
[2022-08-25 12:17:50.750] [exthost] [warning] [Decorations] CAPPING events from decorations provider vscode.git 323
[2022-08-25 12:17:55.815] [exthost] [warning] [Decorations] CAPPING events from decorations provider vscode.git 323
[2022-08-25 12:18:00.882] [exthost] [warning] [Decorations] CAPPING events from decorations provider vscode.git 323
[2022-08-25 12:18:28.756] [exthost] [warning] [Decorations] CAPPING events from decorations provider vscode.git 323
[2022-08-25 12:18:33.815] [exthost] [warning] [Decorations] CAPPING events from decorations provider vscode.git 323
[2022-08-25 12:18:38.875] [exthost] [warning] [Decorations] CAPPING events from decorations provider vscode.git 323
[2022-08-25 12:18:43.944] [exthost] [warning] [Decorations] CAPPING events from decorations provider vscode.git 323
[2022-08-25 12:18:49.017] [exthost] [warning] [Decorations] CAPPING events from decorations provider vscode.git 323
[2022-08-25 12:18:54.092] [exthost] [warning] [Decorations] CAPPING events from decorations provider vscode.git 323
[2022-08-25 12:22:45.332] [exthost] [warning] [Decorations] CAPPING events from decorations provider vscode.git 323
[2022-08-25 12:22:50.393] [exthost] [warning] [Decorations] CAPPING events from decorations provider vscode.git 323
[2022-08-25 12:22:55.463] [exthost] [warning] [Decorations] CAPPING events from decorations provider vscode.git 324
[2022-08-25 12:23:08.931] [exthost] [warning] [Decorations] CAPPING events from decorations provider vscode.git 324
[2022-08-25 12:23:13.991] [exthost] [warning] [Decorations] CAPPING events from decorations provider vscode.git 324
[2022-08-25 12:23:28.527] [exthost] [warning] [Decorations] CAPPING events from decorations provider vscode.git 324
[2022-08-25 12:23:33.590] [exthost] [warning] [Decorations] CAPPING events from decorations provider vscode.git 323
[2022-08-25 12:24:01.622] [exthost] [warning] [Decorations] CAPPING events from decorations provider vscode.git 324
[2022-08-25 12:24:06.684] [exthost] [warning] [Decorations] CAPPING events from decorations provider vscode.git 324
[2022-08-25 12:24:37.818] [exthost] [warning] [Decorations] CAPPING events from decorations provider vscode.git 323
[2022-08-25 12:24:42.883] [exthost] [warning] [Decorations] CAPPING events from decorations provider vscode.git 323
[2022-08-25 12:24:47.945] [exthost] [warning] [Decorations] CAPPING events from decorations provider vscode.git 323
[2022-08-25 12:24:53.007] [exthost] [warning] [Decorations] CAPPING events from decorations provider vscode.git 323
[2022-08-25 12:25:10.023] [exthost] [warning] [Decorations] CAPPING events from decorations provider vscode.git 323
[2022-08-25 12:25:15.082] [exthost] [warning] [Decorations] CAPPING events from decorations provider vscode.git 323
[2022-08-25 12:25:20.145] [exthost] [warning] [Decorations] CAPPING events from decorations provider vscode.git 324
[2022-08-25 12:25:25.212] [exthost] [warning] [Decorations] CAPPING events from decorations provider vscode.git 324
[2022-08-25 12:25:30.278] [exthost] [warning] [Decorations] CAPPING events from decorations provider vscode.git 324
[2022-08-25 12:25:35.339] [exthost] [warning] [Decorations] CAPPING events from decorations provider vscode.git 324
[2022-08-25 12:25:51.571] [exthost] [warning] [Decorations] CAPPING events from decorations provider vscode.git 324
[2022-08-25 12:25:56.641] [exthost] [warning] [Decorations] CAPPING events from decorations provider vscode.git 324
[2022-08-25 12:26:20.390] [exthost] [warning] [Decorations] CAPPING events from decorations provider vscode.git 323
[2022-08-25 12:26:25.455] [exthost] [warning] [Decorations] CAPPING events from decorations provider vscode.git 323
[2022-08-25 12:26:30.521] [exthost] [warning] [Decorations] CAPPING events from decorations provider vscode.git 323
[2022-08-25 12:26:35.583] [exthost] [warning] [Decorations] CAPPING events from decorations provider vscode.git 323
[2022-08-25 12:26:40.648] [exthost] [warning] [Decorations] CAPPING events from decorations provider vscode.git 323
[2022-08-25 12:26:45.709] [exthost] [warning] [Decorations] CAPPING events from decorations provider vscode.git 323
[2022-08-25 12:26:50.773] [exthost] [warning] [Decorations] CAPPING events from decorations provider vscode.git 323
[2022-08-25 12:26:55.836] [exthost] [warning] [Decorations] CAPPING events from decorations provider vscode.git 323
[2022-08-25 12:27:00.906] [exthost] [warning] [Decorations] CAPPING events from decorations provider vscode.git 323
[2022-08-25 12:27:05.967] [exthost] [warning] [Decorations] CAPPING events from decorations provider vscode.git 323
[2022-08-25 12:27:11.036] [exthost] [warning] [Decorations] CAPPING events from decorations provider vscode.git 323
[2022-08-25 12:27:16.107] [exthost] [warning] [Decorations] CAPPING events from decorations provider vscode.git 323
[2022-08-25 12:27:21.178] [exthost] [warning] [Decorations] CAPPING events from decorations provider vscode.git 323
[2022-08-25 12:27:26.246] [exthost] [warning] [Decorations] CAPPING events from decorations provider vscode.git 323
[2022-08-25 12:27:31.312] [exthost] [warning] [Decorations] CAPPING events from decorations provider vscode.git 323
[2022-08-25 12:27:36.378] [exthost] [warning] [Decorations] CAPPING events from decorations provider vscode.git 323
[2022-08-25 12:27:41.443] [exthost] [warning] [Decorations] CAPPING events from decorations provider vscode.git 323
[2022-08-25 12:27:46.510] [exthost] [warning] [Decorations] CAPPING events from decorations provider vscode.git 323
[2022-08-25 12:27:51.576] [exthost] [warning] [Decorations] CAPPING events from decorations provider vscode.git 323
[2022-08-25 12:27:56.638] [exthost] [warning] [Decorations] CAPPING events from decorations provider vscode.git 323
[2022-08-25 12:28:01.702] [exthost] [warning] [Decorations] CAPPING events from decorations provider vscode.git 323
[2022-08-25 12:28:06.818] [exthost] [warning] [Decorations] CAPPING events from decorations provider vscode.git 323
[2022-08-25 12:29:14.742] [exthost] [warning] [Decorations] CAPPING events from decorations provider vscode.git 323
[2022-08-25 12:29:19.803] [exthost] [warning] [Decorations] CAPPING events from decorations provider vscode.git 323
[2022-08-25 12:30:02.772] [exthost] [warning] [Decorations] CAPPING events from decorations provider vscode.git 323
[2022-08-25 12:30:07.831] [exthost] [warning] [Decorations] CAPPING events from decorations provider vscode.git 323
[2022-08-25 12:30:12.903] [exthost] [warning] [Decorations] CAPPING events from decorations provider vscode.git 323
[2022-08-25 12:30:17.968] [exthost] [warning] [Decorations] CAPPING events from decorations provider vscode.git 323
[2022-08-25 12:30:23.028] [exthost] [warning] [Decorations] CAPPING events from decorations provider vscode.git 323
[2022-08-25 12:30:28.098] [exthost] [warning] [Decorations] CAPPING events from decorations provider vscode.git 323
[2022-08-25 12:30:33.160] [exthost] [warning] [Decorations] CAPPING events from decorations provider vscode.git 323
[2022-08-25 12:30:38.227] [exthost] [warning] [Decorations] CAPPING events from decorations provider vscode.git 323
[2022-08-25 12:30:43.290] [exthost] [warning] [Decorations] CAPPING events from decorations provider vscode.git 323
[2022-08-25 12:30:48.362] [exthost] [warning] [Decorations] CAPPING events from decorations provider vscode.git 323
[2022-08-25 12:31:35.376] [exthost] [warning] [Decorations] CAPPING events from decorations provider vscode.git 323
[2022-08-25 12:31:40.447] [exthost] [warning] [Decorations] CAPPING events from decorations provider vscode.git 323
[2022-08-25 12:31:45.511] [exthost] [warning] [Decorations] CAPPING events from decorations provider vscode.git 323
[2022-08-25 12:31:50.582] [exthost] [warning] [Decorations] CAPPING events from decorations provider vscode.git 323
[2022-08-25 12:31:55.652] [exthost] [warning] [Decorations] CAPPING events from decorations provider vscode.git 323
[2022-08-25 12:32:13.833] [exthost] [warning] [Decorations] CAPPING events from decorations provider vscode.git 323
[2022-08-25 12:32:18.900] [exthost] [warning] [Decorations] CAPPING events from decorations provider vscode.git 323
[2022-08-25 12:32:23.961] [exthost] [warning] [Decorations] CAPPING events from decorations provider vscode.git 323
[2022-08-25 12:32:29.025] [exthost] [warning] [Decorations] CAPPING events from decorations provider vscode.git 323
[2022-08-25 12:32:34.095] [exthost] [warning] [Decorations] CAPPING events from decorations provider vscode.git 323
[2022-08-25 12:32:39.166] [exthost] [warning] [Decorations] CAPPING events from decorations provider vscode.git 323
[2022-08-25 12:32:44.226] [exthost] [warning] [Decorations] CAPPING events from decorations provider vscode.git 323
[2022-08-25 12:32:49.292] [exthost] [warning] [Decorations] CAPPING events from decorations provider vscode.git 323
[2022-08-25 12:32:54.354] [exthost] [warning] [Decorations] CAPPING events from decorations provider vscode.git 323
[2022-08-25 12:32:59.423] [exthost] [warning] [Decorations] CAPPING events from decorations provider vscode.git 323
[2022-08-25 12:33:04.490] [exthost] [warning] [Decorations] CAPPING events from decorations provider vscode.git 323
[2022-08-25 12:33:11.160] [exthost] [warning] [Decorations] CAPPING events from decorations provider vscode.git 323
[2022-08-25 12:33:16.234] [exthost] [warning] [Decorations] CAPPING events from decorations provider vscode.git 323
[2022-08-25 12:33:30.161] [exthost] [warning] [Decorations] CAPPING events from decorations provider vscode.git 323
[2022-08-25 12:33:35.226] [exthost] [warning] [Decorations] CAPPING events from decorations provider vscode.git 323
[2022-08-25 12:33:40.294] [exthost] [warning] [Decorations] CAPPING events from decorations provider vscode.git 323
[2022-08-25 12:33:53.729] [exthost] [warning] [Decorations] CAPPING events from decorations provider vscode.git 323
[2022-08-25 12:33:58.797] [exthost] [warning] [Decorations] CAPPING events from decorations provider vscode.git 323
[2022-08-25 12:34:03.875] [exthost] [warning] [Decorations] CAPPING events from decorations provider vscode.git 323
[2022-08-25 12:35:00.876] [exthost] [warning] [Decorations] CAPPING events from decorations provider vscode.git 323
[2022-08-25 12:35:05.942] [exthost] [warning] [Decorations] CAPPING events from decorations provider vscode.git 323
[2022-08-25 12:35:11.002] [exthost] [warning] [Decorations] CAPPING events from decorations provider vscode.git 324
[2022-08-25 12:37:32.619] [exthost] [warning] [Decorations] CAPPING events from decorations provider vscode.git 324
[2022-08-25 12:37:37.685] [exthost] [warning] [Decorations] CAPPING events from decorations provider vscode.git 323
[2022-08-25 12:37:59.257] [exthost] [warning] [Decorations] CAPPING events from decorations provider vscode.git 323
[2022-08-25 12:38:04.321] [exthost] [warning] [Decorations] CAPPING events from decorations provider vscode.git 323
[2022-08-25 12:38:17.051] [exthost] [warning] [Decorations] CAPPING events from decorations provider vscode.git 323
[2022-08-25 12:38:22.118] [exthost] [warning] [Decorations] CAPPING events from decorations provider vscode.git 323
[2022-08-25 12:38:27.181] [exthost] [warning] [Decorations] CAPPING events from decorations provider vscode.git 324
[2022-08-25 12:38:32.255] [exthost] [warning] [Decorations] CAPPING events from decorations provider vscode.git 324
[2022-08-25 12:38:37.321] [exthost] [warning] [Decorations] CAPPING events from decorations provider vscode.git 324
[2022-08-25 12:38:51.123] [exthost] [warning] [Decorations] CAPPING events from decorations provider vscode.git 323
[2022-08-25 12:38:56.190] [exthost] [warning] [Decorations] CAPPING events from decorations provider vscode.git 323
[2022-08-25 12:39:18.720] [exthost] [warning] [Decorations] CAPPING events from decorations provider vscode.git 323
[2022-08-25 12:39:23.791] [exthost] [warning] [Decorations] CAPPING events from decorations provider vscode.git 323
[2022-08-25 12:39:28.856] [exthost] [warning] [Decorations] CAPPING events from decorations provider vscode.git 323
[2022-08-25 12:39:38.164] [exthost] [warning] [Decorations] CAPPING events from decorations provider vscode.git 324
[2022-08-25 12:39:43.233] [exthost] [warning] [Decorations] CAPPING events from decorations provider vscode.git 324
[2022-08-25 12:39:48.295] [exthost] [warning] [Decorations] CAPPING events from decorations provider vscode.git 324
[2022-08-25 12:43:57.047] [exthost] [warning] [Decorations] CAPPING events from decorations provider vscode.git 323
[2022-08-25 12:44:02.109] [exthost] [warning] [Decorations] CAPPING events from decorations provider vscode.git 323
[2022-08-25 12:44:44.023] [exthost] [warning] [Decorations] CAPPING events from decorations provider vscode.git 323
[2022-08-25 12:44:49.093] [exthost] [warning] [Decorations] CAPPING events from decorations provider vscode.git 323
[2022-08-25 12:45:02.669] [exthost] [warning] [Decorations] CAPPING events from decorations provider vscode.git 323
[2022-08-25 12:45:28.013] [exthost] [warning] [Decorations] CAPPING events from decorations provider vscode.git 323
[2022-08-25 12:45:33.071] [exthost] [warning] [Decorations] CAPPING events from decorations provider vscode.git 323
[2022-08-25 12:46:29.852] [exthost] [warning] [Decorations] CAPPING events from decorations provider vscode.git 323
[2022-08-25 12:46:34.913] [exthost] [warning] [Decorations] CAPPING events from decorations provider vscode.git 323
[2022-08-25 12:46:39.977] [exthost] [warning] [Decorations] CAPPING events from decorations provider vscode.git 324
[2022-08-25 12:46:45.044] [exthost] [warning] [Decorations] CAPPING events from decorations provider vscode.git 324
[2022-08-25 12:46:50.114] [exthost] [warning] [Decorations] CAPPING events from decorations provider vscode.git 323
[2022-08-25 12:46:55.186] [exthost] [warning] [Decorations] CAPPING events from decorations provider vscode.git 323
[2022-08-25 12:47:00.257] [exthost] [warning] [Decorations] CAPPING events from decorations provider vscode.git 323
[2022-08-25 12:47:05.318] [exthost] [warning] [Decorations] CAPPING events from decorations provider vscode.git 323
[2022-08-25 12:47:10.383] [exthost] [warning] [Decorations] CAPPING events from decorations provider vscode.git 323
[2022-08-25 12:47:54.896] [exthost] [warning] [Decorations] CAPPING events from decorations provider vscode.git 323
[2022-08-25 12:48:00.000] [exthost] [warning] [Decorations] CAPPING events from decorations provider vscode.git 323
[2022-08-25 12:48:05.068] [exthost] [warning] [Decorations] CAPPING events from decorations provider vscode.git 323
[2022-08-25 12:48:10.131] [exthost] [warning] [Decorations] CAPPING events from decorations provider vscode.git 323
[2022-08-25 12:48:15.200] [exthost] [warning] [Decorations] CAPPING events from decorations provider vscode.git 323
[2022-08-25 12:48:20.269] [exthost] [warning] [Decorations] CAPPING events from decorations provider vscode.git 323
[2022-08-25 12:48:25.336] [exthost] [warning] [Decorations] CAPPING events from decorations provider vscode.git 323
[2022-08-25 12:48:30.403] [exthost] [warning] [Decorations] CAPPING events from decorations provider vscode.git 323
[2022-08-25 12:48:35.470] [exthost] [warning] [Decorations] CAPPING events from decorations provider vscode.git 323
[2022-08-25 12:48:40.535] [exthost] [warning] [Decorations] CAPPING events from decorations provider vscode.git 323
[2022-08-25 12:48:45.601] [exthost] [warning] [Decorations] CAPPING events from decorations provider vscode.git 323
[2022-08-25 12:48:56.545] [exthost] [warning] [Decorations] CAPPING events from decorations provider vscode.git 323
[2022-08-25 12:49:01.621] [exthost] [warning] [Decorations] CAPPING events from decorations provider vscode.git 323
[2022-08-25 12:49:06.693] [exthost] [warning] [Decorations] CAPPING events from decorations provider vscode.git 323
[2022-08-25 12:49:11.757] [exthost] [warning] [Decorations] CAPPING events from decorations provider vscode.git 323
[2022-08-25 12:51:29.068] [exthost] [warning] [Decorations] CAPPING events from decorations provider vscode.git 323
[2022-08-25 12:51:34.147] [exthost] [warning] [Decorations] CAPPING events from decorations provider vscode.git 323
[2022-08-25 12:51:39.216] [exthost] [warning] [Decorations] CAPPING events from decorations provider vscode.git 323
[2022-08-25 12:51:44.284] [exthost] [warning] [Decorations] CAPPING events from decorations provider vscode.git 323
[2022-08-25 12:51:49.356] [exthost] [warning] [Decorations] CAPPING events from decorations provider vscode.git 324
[2022-08-25 12:51:56.938] [exthost] [warning] [Decorations] CAPPING events from decorations provider vscode.git 324
[2022-08-25 12:52:02.009] [exthost] [warning] [Decorations] CAPPING events from decorations provider vscode.git 324
[2022-08-25 12:53:24.427] [exthost] [warning] [Decorations] CAPPING events from decorations provider vscode.git 324
[2022-08-25 12:53:29.492] [exthost] [warning] [Decorations] CAPPING events from decorations provider vscode.git 323
[2022-08-25 12:53:34.554] [exthost] [warning] [Decorations] CAPPING events from decorations provider vscode.git 323
[2022-08-25 12:53:39.623] [exthost] [warning] [Decorations] CAPPING events from decorations provider vscode.git 323
[2022-08-25 12:53:44.709] [exthost] [warning] [Decorations] CAPPING events from decorations provider vscode.git 324
[2022-08-25 12:53:49.775] [exthost] [warning] [Decorations] CAPPING events from decorations provider vscode.git 324
[2022-08-25 12:53:54.842] [exthost] [warning] [Decorations] CAPPING events from decorations provider vscode.git 324
[2022-08-25 12:53:59.908] [exthost] [warning] [Decorations] CAPPING events from decorations provider vscode.git 324
[2022-08-25 12:54:04.969] [exthost] [warning] [Decorations] CAPPING events from decorations provider vscode.git 324
[2022-08-25 12:54:10.033] [exthost] [warning] [Decorations] CAPPING events from decorations provider vscode.git 324
[2022-08-25 12:54:31.246] [exthost] [warning] [Decorations] CAPPING events from decorations provider vscode.git 323
[2022-08-25 12:54:36.312] [exthost] [warning] [Decorations] CAPPING events from decorations provider vscode.git 323
[2022-08-25 12:54:41.371] [exthost] [warning] [Decorations] CAPPING events from decorations provider vscode.git 323
[2022-08-25 12:54:56.371] [exthost] [warning] [Decorations] CAPPING events from decorations provider vscode.git 323
[2022-08-25 12:55:01.432] [exthost] [warning] [Decorations] CAPPING events from decorations provider vscode.git 323
[2022-08-25 12:55:06.493] [exthost] [warning] [Decorations] CAPPING events from decorations provider vscode.git 323
[2022-08-25 12:55:11.559] [exthost] [warning] [Decorations] CAPPING events from decorations provider vscode.git 323
[2022-08-25 12:55:16.629] [exthost] [warning] [Decorations] CAPPING events from decorations provider vscode.git 323
[2022-08-25 12:55:21.699] [exthost] [warning] [Decorations] CAPPING events from decorations provider vscode.git 323
[2022-08-25 12:55:26.762] [exthost] [warning] [Decorations] CAPPING events from decorations provider vscode.git 323
[2022-08-25 12:55:31.835] [exthost] [warning] [Decorations] CAPPING events from decorations provider vscode.git 323
[2022-08-25 12:55:36.897] [exthost] [warning] [Decorations] CAPPING events from decorations provider vscode.git 323
[2022-08-25 12:55:41.964] [exthost] [warning] [Decorations] CAPPING events from decorations provider vscode.git 323
[2022-08-25 12:55:47.025] [exthost] [warning] [Decorations] CAPPING events from decorations provider vscode.git 323
[2022-08-25 12:55:52.086] [exthost] [warning] [Decorations] CAPPING events from decorations provider vscode.git 323
[2022-08-25 12:55:57.156] [exthost] [warning] [Decorations] CAPPING events from decorations provider vscode.git 323
[2022-08-25 12:56:02.223] [exthost] [warning] [Decorations] CAPPING events from decorations provider vscode.git 323
[2022-08-25 12:56:07.289] [exthost] [warning] [Decorations] CAPPING events from decorations provider vscode.git 323
[2022-08-25 12:56:12.355] [exthost] [warning] [Decorations] CAPPING events from decorations provider vscode.git 323
[2022-08-25 12:56:17.422] [exthost] [warning] [Decorations] CAPPING events from decorations provider vscode.git 323
[2022-08-25 12:56:22.488] [exthost] [warning] [Decorations] CAPPING events from decorations provider vscode.git 323
[2022-08-25 12:56:27.633] [exthost] [warning] [Decorations] CAPPING events from decorations provider vscode.git 323
[2022-08-25 12:56:32.707] [exthost] [warning] [Decorations] CAPPING events from decorations provider vscode.git 323
[2022-08-25 12:56:37.776] [exthost] [warning] [Decorations] CAPPING events from decorations provider vscode.git 323
[2022-08-25 12:56:51.233] [exthost] [warning] [Decorations] CAPPING events from decorations provider vscode.git 323
[2022-08-25 12:56:56.300] [exthost] [warning] [Decorations] CAPPING events from decorations provider vscode.git 323
[2022-08-25 12:57:03.773] [exthost] [warning] [Decorations] CAPPING events from decorations provider vscode.git 323
[2022-08-25 12:57:52.650] [exthost] [warning] [Decorations] CAPPING events from decorations provider vscode.git 323
[2022-08-25 12:57:57.714] [exthost] [warning] [Decorations] CAPPING events from decorations provider vscode.git 323
[2022-08-25 12:58:02.776] [exthost] [warning] [Decorations] CAPPING events from decorations provider vscode.git 323
[2022-08-25 12:58:07.843] [exthost] [warning] [Decorations] CAPPING events from decorations provider vscode.git 323
[2022-08-25 12:58:13.543] [exthost] [warning] [Decorations] CAPPING events from decorations provider vscode.git 324
[2022-08-25 12:58:19.866] [exthost] [warning] [Decorations] CAPPING events from decorations provider vscode.git 324
[2022-08-25 12:58:35.253] [exthost] [warning] [Decorations] CAPPING events from decorations provider vscode.git 324
[2022-08-25 12:58:40.319] [exthost] [warning] [Decorations] CAPPING events from decorations provider vscode.git 323
[2022-08-25 12:58:45.382] [exthost] [warning] [Decorations] CAPPING events from decorations provider vscode.git 324
[2022-08-25 12:58:51.829] [exthost] [warning] [Decorations] CAPPING events from decorations provider vscode.git 324
[2022-08-25 12:59:10.495] [exthost] [warning] [Decorations] CAPPING events from decorations provider vscode.git 323
[2022-08-25 12:59:20.280] [exthost] [warning] [Decorations] CAPPING events from decorations provider vscode.git 323
[2022-08-25 12:59:25.356] [exthost] [warning] [Decorations] CAPPING events from decorations provider vscode.git 323
[2022-08-25 12:59:30.424] [exthost] [warning] [Decorations] CAPPING events from decorations provider vscode.git 323
[2022-08-25 12:59:35.490] [exthost] [warning] [Decorations] CAPPING events from decorations provider vscode.git 323
[2022-08-25 12:59:40.554] [exthost] [warning] [Decorations] CAPPING events from decorations provider vscode.git 323
[2022-08-25 12:59:45.621] [exthost] [warning] [Decorations] CAPPING events from decorations provider vscode.git 323
[2022-08-25 12:59:50.692] [exthost] [warning] [Decorations] CAPPING events from decorations provider vscode.git 323
[2022-08-25 12:59:55.755] [exthost] [warning] [Decorations] CAPPING events from decorations provider vscode.git 323
[2022-08-25 13:00:00.819] [exthost] [warning] [Decorations] CAPPING events from decorations provider vscode.git 323
[2022-08-25 13:00:05.886] [exthost] [warning] [Decorations] CAPPING events from decorations provider vscode.git 323
[2022-08-25 13:00:10.953] [exthost] [warning] [Decorations] CAPPING events from decorations provider vscode.git 323
[2022-08-25 13:00:16.021] [exthost] [warning] [Decorations] CAPPING events from decorations provider vscode.git 323
[2022-08-25 13:00:21.090] [exthost] [warning] [Decorations] CAPPING events from decorations provider vscode.git 324
[2022-08-25 13:00:26.151] [exthost] [warning] [Decorations] CAPPING events from decorations provider vscode.git 324
[2022-08-25 13:00:31.214] [exthost] [warning] [Decorations] CAPPING events from decorations provider vscode.git 324
[2022-08-25 13:00:36.298] [exthost] [warning] [Decorations] CAPPING events from decorations provider vscode.git 324
[2022-08-25 13:00:41.365] [exthost] [warning] [Decorations] CAPPING events from decorations provider vscode.git 324
[2022-08-25 13:00:46.431] [exthost] [warning] [Decorations] CAPPING events from decorations provider vscode.git 324
[2022-08-25 13:00:47.783] [exthost] [warning] [Decorations] CAPPING events from decorations provider vscode.git 324
[2022-08-25 13:00:51.501] [exthost] [warning] [Decorations] CAPPING events from decorations provider vscode.git 324
[2022-08-25 13:00:56.562] [exthost] [warning] [Decorations] CAPPING events from decorations provider vscode.git 324
[2022-08-25 13:01:13.693] [exthost] [warning] [Decorations] CAPPING events from decorations provider vscode.git 324
[2022-08-25 13:01:18.757] [exthost] [warning] [Decorations] CAPPING events from decorations provider vscode.git 323
[2022-08-25 13:01:23.826] [exthost] [warning] [Decorations] CAPPING events from decorations provider vscode.git 323
[2022-08-25 13:01:28.888] [exthost] [warning] [Decorations] CAPPING events from decorations provider vscode.git 323
[2022-08-25 13:01:33.950] [exthost] [warning] [Decorations] CAPPING events from decorations provider vscode.git 323
[2022-08-25 13:01:39.011] [exthost] [warning] [Decorations] CAPPING events from decorations provider vscode.git 324
[2022-08-25 13:01:44.072] [exthost] [warning] [Decorations] CAPPING events from decorations provider vscode.git 324
[2022-08-25 13:02:34.508] [exthost] [warning] [Decorations] CAPPING events from decorations provider vscode.git 324
[2022-08-25 13:02:39.581] [exthost] [warning] [Decorations] CAPPING events from decorations provider vscode.git 323
[2022-08-25 13:02:44.649] [exthost] [warning] [Decorations] CAPPING events from decorations provider vscode.git 323
[2022-08-25 13:02:49.720] [exthost] [warning] [Decorations] CAPPING events from decorations provider vscode.git 323
[2022-08-25 13:03:22.800] [exthost] [warning] [Decorations] CAPPING events from decorations provider vscode.git 323
[2022-08-25 13:03:27.861] [exthost] [warning] [Decorations] CAPPING events from decorations provider vscode.git 323
[2022-08-25 13:03:32.925] [exthost] [warning] [Decorations] CAPPING events from decorations provider vscode.git 324
[2022-08-25 13:03:39.074] [exthost] [warning] [Decorations] CAPPING events from decorations provider vscode.git 324
[2022-08-25 13:03:44.138] [exthost] [warning] [Decorations] CAPPING events from decorations provider vscode.git 324
[2022-08-25 13:03:49.205] [exthost] [warning] [Decorations] CAPPING events from decorations provider vscode.git 324
[2022-08-25 13:03:54.281] [exthost] [warning] [Decorations] CAPPING events from decorations provider vscode.git 323
[2022-08-25 13:04:20.916] [exthost] [warning] [Decorations] CAPPING events from decorations provider vscode.git 323
[2022-08-25 13:04:25.979] [exthost] [warning] [Decorations] CAPPING events from decorations provider vscode.git 323
[2022-08-25 13:04:31.040] [exthost] [warning] [Decorations] CAPPING events from decorations provider vscode.git 323
[2022-08-25 13:04:36.106] [exthost] [warning] [Decorations] CAPPING events from decorations provider vscode.git 323
[2022-08-25 13:04:41.177] [exthost] [warning] [Decorations] CAPPING events from decorations provider vscode.git 323
[2022-08-25 13:04:46.237] [exthost] [warning] [Decorations] CAPPING events from decorations provider vscode.git 323
[2022-08-25 13:04:51.299] [exthost] [warning] [Decorations] CAPPING events from decorations provider vscode.git 323
[2022-08-25 13:05:17.692] [exthost] [warning] [Decorations] CAPPING events from decorations provider vscode.git 323
[2022-08-25 13:05:22.759] [exthost] [warning] [Decorations] CAPPING events from decorations provider vscode.git 323
[2022-08-25 13:05:44.319] [exthost] [warning] [Decorations] CAPPING events from decorations provider vscode.git 323
[2022-08-25 13:05:49.391] [exthost] [warning] [Decorations] CAPPING events from decorations provider vscode.git 324
[2022-08-25 13:05:54.457] [exthost] [warning] [Decorations] CAPPING events from decorations provider vscode.git 324
[2022-08-25 13:05:59.519] [exthost] [warning] [Decorations] CAPPING events from decorations provider vscode.git 324
[2022-08-25 13:06:22.177] [exthost] [warning] [Decorations] CAPPING events from decorations provider vscode.git 324
[2022-08-25 13:07:01.266] [exthost] [warning] [Decorations] CAPPING events from decorations provider vscode.git 323
[2022-08-25 13:07:06.334] [exthost] [warning] [Decorations] CAPPING events from decorations provider vscode.git 323
[2022-08-25 13:07:11.393] [exthost] [warning] [Decorations] CAPPING events from decorations provider vscode.git 323
[2022-08-25 13:08:21.952] [exthost] [warning] [Decorations] CAPPING events from decorations provider vscode.git 323
[2022-08-25 13:08:27.019] [exthost] [warning] [Decorations] CAPPING events from decorations provider vscode.git 323
[2022-08-25 13:08:32.077] [exthost] [warning] [Decorations] CAPPING events from decorations provider vscode.git 323
[2022-08-25 13:09:57.212] [exthost] [warning] [Decorations] CAPPING events from decorations provider vscode.git 323
[2022-08-25 13:10:02.272] [exthost] [warning] [Decorations] CAPPING events from decorations provider vscode.git 323
[2022-08-25 13:10:07.336] [exthost] [warning] [Decorations] CAPPING events from decorations provider vscode.git 323
[2022-08-25 13:10:12.404] [exthost] [warning] [Decorations] CAPPING events from decorations provider vscode.git 323
[2022-08-25 13:10:17.465] [exthost] [warning] [Decorations] CAPPING events from decorations provider vscode.git 323
[2022-08-25 13:10:22.539] [exthost] [warning] [Decorations] CAPPING events from decorations provider vscode.git 323
[2022-08-25 13:10:27.606] [exthost] [warning] [Decorations] CAPPING events from decorations provider vscode.git 323
[2022-08-25 13:10:32.669] [exthost] [warning] [Decorations] CAPPING events from decorations provider vscode.git 323
[2022-08-25 13:10:37.744] [exthost] [warning] [Decorations] CAPPING events from decorations provider vscode.git 323
[2022-08-25 13:10:38.518] [exthost] [info] ExtensionService#_doActivateExtension vscode.typescript-language-features, startup: false, activationEvent: 'onLanguage:javascript'
[2022-08-25 13:10:42.812] [exthost] [warning] [Decorations] CAPPING events from decorations provider vscode.git 324
[2022-08-25 13:10:47.889] [exthost] [warning] [Decorations] CAPPING events from decorations provider vscode.git 325
[2022-08-25 13:10:52.958] [exthost] [warning] [Decorations] CAPPING events from decorations provider vscode.git 326
[2022-08-25 13:10:58.027] [exthost] [warning] [Decorations] CAPPING events from decorations provider vscode.git 326
[2022-08-25 13:11:03.100] [exthost] [warning] [Decorations] CAPPING events from decorations provider vscode.git 327
[2022-08-25 13:11:24.761] [exthost] [warning] [Decorations] CAPPING events from decorations provider vscode.git 326
[2022-08-25 13:11:29.827] [exthost] [warning] [Decorations] CAPPING events from decorations provider vscode.git 326
[2022-08-25 13:11:34.894] [exthost] [warning] [Decorations] CAPPING events from decorations provider vscode.git 326
[2022-08-25 13:11:39.962] [exthost] [warning] [Decorations] CAPPING events from decorations provider vscode.git 327
[2022-08-25 13:14:10.796] [exthost] [warning] [Decorations] CAPPING events from decorations provider vscode.git 327
[2022-08-25 13:14:15.870] [exthost] [warning] [Decorations] CAPPING events from decorations provider vscode.git 326
[2022-08-25 13:14:20.947] [exthost] [warning] [Decorations] CAPPING events from decorations provider vscode.git 326
[2022-08-25 13:14:26.011] [exthost] [warning] [Decorations] CAPPING events from decorations provider vscode.git 327
[2022-08-25 13:14:33.874] [exthost] [warning] [Decorations] CAPPING events from decorations provider vscode.git 327
[2022-08-25 13:14:38.935] [exthost] [warning] [Decorations] CAPPING events from decorations provider vscode.git 327
[2022-08-25 13:14:44.003] [exthost] [warning] [Decorations] CAPPING events from decorations provider vscode.git 327
[2022-08-25 13:17:07.372] [exthost] [warning] [Decorations] CAPPING events from decorations provider vscode.git 326
[2022-08-25 13:17:12.435] [exthost] [warning] [Decorations] CAPPING events from decorations provider vscode.git 326
[2022-08-25 13:17:17.501] [exthost] [warning] [Decorations] CAPPING events from decorations provider vscode.git 326
[2022-08-25 13:17:22.563] [exthost] [warning] [Decorations] CAPPING events from decorations provider vscode.git 326
[2022-08-25 13:17:38.756] [exthost] [warning] [Decorations] CAPPING events from decorations provider vscode.git 326
[2022-08-25 13:17:43.830] [exthost] [warning] [Decorations] CAPPING events from decorations provider vscode.git 326
[2022-08-25 17:25:02.334] [exthost] [warning] [Decorations] CAPPING events from decorations provider vscode.git 326
